{
  "stats": {
    "suites": 1,
    "tests": 10,
    "passes": 10,
    "pending": 0,
    "failures": 0,
    "start": "2025-06-27T21:50:55.985Z",
    "end": "2025-06-27T21:50:58.922Z",
    "duration": 2937,
    "testsRegistered": 10,
    "passPercent": 100,
    "pendingPercent": 0,
    "other": 0,
    "hasOther": false,
    "skipped": 0,
    "hasSkipped": false
  },
  "results": [
    {
      "uuid": "8c641c9e-d5e9-480f-92b5-436dc0d91d44",
      "title": "",
      "fullFile": "cypress\\e2e\\automacaoApi.cy.js",
      "file": "cypress\\e2e\\automacaoApi.cy.js",
      "beforeHooks": [],
      "afterHooks": [],
      "tests": [],
      "suites": [
        {
          "uuid": "65418b22-adca-4978-8cb8-676b54275ef1",
          "title": "Teste API",
          "fullFile": "",
          "file": "",
          "beforeHooks": [],
          "afterHooks": [],
          "tests": [
            {
              "title": "Criar Usuário",
              "fullTitle": "Teste API Criar Usuário",
              "timedOut": null,
              "duration": 603,
              "state": "passed",
              "speed": "fast",
              "pass": true,
              "fail": false,
              "pending": false,
              "context": null,
              "code": "cy.fixture('usuario').then(function (usuario) {\n  const user = usuario.body_usuario;\n  cy.criar_usuario(user).then(response => {\n    expect(response.status).to.eq(201);\n    expect(response.body.message).to.eq('Cadastro realizado com sucesso');\n    Cypress.env('id', response.body._id);\n  });\n});",
              "err": {},
              "uuid": "c649bb8d-fe10-45ad-9d61-0a561bf3ec02",
              "parentUUID": "65418b22-adca-4978-8cb8-676b54275ef1",
              "isHook": false,
              "skipped": false
            },
            {
              "title": "Busca Usuário po ID",
              "fullTitle": "Teste API Busca Usuário po ID",
              "timedOut": null,
              "duration": 226,
              "state": "passed",
              "speed": "fast",
              "pass": true,
              "fail": false,
              "pending": false,
              "context": null,
              "code": "const id = Cypress.env('id');\ncy.buscar_usuario(id).then(response => {\n  expect(response.status).to.eq(200);\n});",
              "err": {},
              "uuid": "26a2f945-f47f-4a00-bad1-375d667d601f",
              "parentUUID": "65418b22-adca-4978-8cb8-676b54275ef1",
              "isHook": false,
              "skipped": false
            },
            {
              "title": "Lista Usuário",
              "fullTitle": "Teste API Lista Usuário",
              "timedOut": null,
              "duration": 283,
              "state": "passed",
              "speed": "fast",
              "pass": true,
              "fail": false,
              "pending": false,
              "context": null,
              "code": "const id = '';\ncy.buscar_usuario(id).then(response => {\n  expect(response.status).to.eq(200);\n});",
              "err": {},
              "uuid": "509f2e38-4ff2-46ae-93a2-ccb6a16501ba",
              "parentUUID": "65418b22-adca-4978-8cb8-676b54275ef1",
              "isHook": false,
              "skipped": false
            },
            {
              "title": "Atualiza Usuário",
              "fullTitle": "Teste API Atualiza Usuário",
              "timedOut": null,
              "duration": 220,
              "state": "passed",
              "speed": "fast",
              "pass": true,
              "fail": false,
              "pending": false,
              "context": null,
              "code": "cy.fixture('usuario').then(function (usuario) {\n  const atualiza = usuario.atualizar_usuario;\n  cy.criar_usuario(atualiza);\n}).then(response => {\n  expect(response.status).to.eq(200);\n  expect(response.body.message).to.eq('Registro alterado com sucesso');\n});",
              "err": {},
              "uuid": "82bd9450-1ab1-4f99-8faa-5ee01cd3e1a9",
              "parentUUID": "65418b22-adca-4978-8cb8-676b54275ef1",
              "isHook": false,
              "skipped": false
            },
            {
              "title": "Realiza login no sistema",
              "fullTitle": "Teste API Realiza login no sistema",
              "timedOut": null,
              "duration": 212,
              "state": "passed",
              "speed": "fast",
              "pass": true,
              "fail": false,
              "pending": false,
              "context": null,
              "code": "cy.fixture('usuario').then(function (usuario) {\n  const login = usuario.atualizar_usuario.email;\n  const senha = usuario.atualizar_usuario.password;\n  cy.api({\n    method: 'POST',\n    url: 'https://serverest.dev/login',\n    body: {\n      email: login,\n      password: senha\n    }\n  }).then(response => {\n    expect(response.status).to.eq(200);\n    expect(response.body.message).to.eq('Login realizado com sucesso');\n    Cypress.env('token', response.body.authorization);\n  });\n});",
              "err": {},
              "uuid": "9574dab2-d63a-49e2-914e-e34c1d46281f",
              "parentUUID": "65418b22-adca-4978-8cb8-676b54275ef1",
              "isHook": false,
              "skipped": false
            },
            {
              "title": "Cadstro Produto",
              "fullTitle": "Teste API Cadstro Produto",
              "timedOut": null,
              "duration": 212,
              "state": "passed",
              "speed": "fast",
              "pass": true,
              "fail": false,
              "pending": false,
              "context": null,
              "code": "cy.fixture(\"produto\").then(function (produto) {\n  const cadastro = produto.body_produto;\n  cy.criar_produto(cadastro).then(response => {\n    expect(response.status).to.eq(201);\n    expect(response.body.message).to.eq('Cadastro realizado com sucesso');\n    Cypress.env('idProduto', response.body._id);\n  });\n});",
              "err": {},
              "uuid": "d1a8cd0a-46a8-4685-81b2-58cde3907c7a",
              "parentUUID": "65418b22-adca-4978-8cb8-676b54275ef1",
              "isHook": false,
              "skipped": false
            },
            {
              "title": "Listar Produto",
              "fullTitle": "Teste API Listar Produto",
              "timedOut": null,
              "duration": 218,
              "state": "passed",
              "speed": "fast",
              "pass": true,
              "fail": false,
              "pending": false,
              "context": null,
              "code": "cy.api({\n  method: \"GET\",\n  url: 'https://serverest.dev/produtos/'\n}).then(response => {\n  expect(response.status).to.eq(200);\n});",
              "err": {},
              "uuid": "e5d667b6-cbf7-4adf-a173-de9de5e74cfa",
              "parentUUID": "65418b22-adca-4978-8cb8-676b54275ef1",
              "isHook": false,
              "skipped": false
            },
            {
              "title": "Busca produto po ID",
              "fullTitle": "Teste API Busca produto po ID",
              "timedOut": null,
              "duration": 226,
              "state": "passed",
              "speed": "fast",
              "pass": true,
              "fail": false,
              "pending": false,
              "context": null,
              "code": "cy.api({\n  method: \"GET\",\n  url: `https://serverest.dev/produtos/${Cypress.env('idProduto')}`\n}).then(response => {\n  expect(response.status).to.eq(200);\n});",
              "err": {},
              "uuid": "d237e54d-38b3-4866-a067-9ee16c4806cf",
              "parentUUID": "65418b22-adca-4978-8cb8-676b54275ef1",
              "isHook": false,
              "skipped": false
            },
            {
              "title": "Exclui produto",
              "fullTitle": "Teste API Exclui produto",
              "timedOut": null,
              "duration": 213,
              "state": "passed",
              "speed": "fast",
              "pass": true,
              "fail": false,
              "pending": false,
              "context": null,
              "code": "cy.api({\n  method: 'DELETE',\n  url: `https://serverest.dev/produtos/${Cypress.env('idProduto')}`,\n  headers: {\n    authorization: Cypress.env('token')\n  }\n}).then(response => {\n  expect(response.status).to.eq(200);\n  expect(response.body.message).to.eq('Registro excluído com sucesso');\n});",
              "err": {},
              "uuid": "6a1ffae7-c401-4253-b860-5fe573097372",
              "parentUUID": "65418b22-adca-4978-8cb8-676b54275ef1",
              "isHook": false,
              "skipped": false
            },
            {
              "title": "Exclui Usuário",
              "fullTitle": "Teste API Exclui Usuário",
              "timedOut": null,
              "duration": 219,
              "state": "passed",
              "speed": "fast",
              "pass": true,
              "fail": false,
              "pending": false,
              "context": null,
              "code": "cy.api({\n  method: 'DELETE',\n  url: `https://serverest.dev/usuarios/${Cypress.env('id')}`\n}).then(response => {\n  expect(response.status).to.eq(200);\n  expect(response.body.message).to.eq('Registro excluído com sucesso');\n});",
              "err": {},
              "uuid": "ced4adff-a9e5-4d43-bd1e-98bec06470b1",
              "parentUUID": "65418b22-adca-4978-8cb8-676b54275ef1",
              "isHook": false,
              "skipped": false
            }
          ],
          "suites": [],
          "passes": [
            "c649bb8d-fe10-45ad-9d61-0a561bf3ec02",
            "26a2f945-f47f-4a00-bad1-375d667d601f",
            "509f2e38-4ff2-46ae-93a2-ccb6a16501ba",
            "82bd9450-1ab1-4f99-8faa-5ee01cd3e1a9",
            "9574dab2-d63a-49e2-914e-e34c1d46281f",
            "d1a8cd0a-46a8-4685-81b2-58cde3907c7a",
            "e5d667b6-cbf7-4adf-a173-de9de5e74cfa",
            "d237e54d-38b3-4866-a067-9ee16c4806cf",
            "6a1ffae7-c401-4253-b860-5fe573097372",
            "ced4adff-a9e5-4d43-bd1e-98bec06470b1"
          ],
          "failures": [],
          "pending": [],
          "skipped": [],
          "duration": 2632,
          "root": false,
          "rootEmpty": false,
          "_timeout": 2000
        }
      ],
      "passes": [],
      "failures": [],
      "pending": [],
      "skipped": [],
      "duration": 0,
      "root": true,
      "rootEmpty": true,
      "_timeout": 2000
    }
  ],
  "meta": {
    "mocha": {
      "version": "7.2.0"
    },
    "mochawesome": {
      "options": {
        "quiet": false,
        "reportFilename": "mochawesome",
        "saveHtml": true,
        "saveJson": true,
        "consoleReporter": "spec",
        "useInlineDiffs": false,
        "code": true
      },
      "version": "7.1.3"
    },
    "marge": {
      "options": {
        "reporterEnable": "cypress-mochawesome-reporter, mocha-junit-reporter",
        "mochaJunitReporterReporterOptions": {
          "mochaFile": "cypress/reports/junit/results.xml"
        },
        "cypressMochawesomeReporterReporterOptions": {
          "charts": true,
          "reportPageTitle": "Relatorio Testes",
          "embeddedScreenshots": true,
          "saveAllAttempts": false
        }
      },
      "version": "6.2.0"
    }
  }
}